07-10 20:08:20 replicate_layout.action_replicate_layout 305:Plugin executed on: 'linux'
07-10 20:08:20 replicate_layout.action_replicate_layout 306:Plugin executed with python version: '3.8.3 (default, May 17 2020, 18:15:42) \n[GCC 10.1.0]'
07-10 20:08:20 replicate_layout.action_replicate_layout 307:KiCad build version: 5.1.6
07-10 20:08:20 replicate_layout.action_replicate_layout 308:Replicate layout plugin version: 67 started
07-10 20:08:20 replicate_layout.action_replicate_layout 340:Preparing replicator with U21 as a reference
07-10 20:08:20 replicate_layout.replicatelayout 215:getting project hierarchy from schematics
07-10 20:08:20 replicate_layout.replicatelayout 217:Project hierarchy looks like:
{}
07-10 20:08:20 replicate_layout.replicatelayout 225:getting a list of all footprints on board
07-10 20:08:20 replicate_layout.action_replicate_layout 366:source anchor footprint is 'U21'
Located on:[]
With filenames:[]
With sheet_id:[]
07-10 20:08:20 replicate_layout.action_replicate_layout 371:Corresponding footprints are 
[('U21', [])]
07-10 20:08:20 replicate_layout.action_replicate_layout 384:Showing dialog
07-10 20:08:20 replicate_layout.action_replicate_layout 388:Pcbnew position: wx.Point(2570, 47)
07-10 20:08:20 replicate_layout.action_replicate_layout 394:Display 0: wx.Rect(0, 0, 2560, 1440)
07-10 20:08:20 replicate_layout.action_replicate_layout 394:Display 1: wx.Rect(2560, 0, 2560, 1440)
07-10 20:08:20 replicate_layout.action_replicate_layout 394:Display 2: wx.Rect(5120, 0, 2560, 1440)
07-10 20:08:20 replicate_layout.action_replicate_layout 398:Toolbar position: wx.Point(4870, 157)
07-10 20:08:20 replicate_layout.action_replicate_layout 405:Dialog position: wx.Point(4557, 157)
07-10 20:08:27 STDERR 426:Traceback (most recent call last):
07-10 20:08:27 STDERR 426:  File "/home/lethalbit/.kicad/scripting/plugins/replicate_layout/action_replicate_layout.py", line 152, in OnOk
07-10 20:08:27 STDERR 426:sheets_on_a_level = self.replicator.get_sheets_to_replicate(self.src_anchor_module, self.src_anchor_module.sheet_id[level])
07-10 20:08:27 STDERR 426:IndexError
07-10 20:08:27 STDERR 426::
07-10 20:08:27 STDERR 426:list index out of range
07-10 20:08:29 STDERR 426:Traceback (most recent call last):
07-10 20:08:29 STDERR 426:  File "/home/lethalbit/.kicad/scripting/plugins/replicate_layout/action_replicate_layout.py", line 152, in OnOk
07-10 20:08:29 STDERR 426:sheets_on_a_level = self.replicator.get_sheets_to_replicate(self.src_anchor_module, self.src_anchor_module.sheet_id[level])
07-10 20:08:29 STDERR 426:IndexError
07-10 20:08:29 STDERR 426::
07-10 20:08:29 STDERR 426:list index out of range
07-10 20:09:03 replicate_layout.action_replicate_layout 252:User canceled the dialog
